<?xml version="1.0" encoding="UTF-8"?>
<!-- Generated by org.testng.reporters.JUnitReportReporter -->
<testsuite skipped="0" hostname="LAPTOP-QG1G9QI5" name="com.qa.hubspot.tests.ContactsPageTest" tests="3" failures="0" timestamp="13 Feb 2020 02:45:09 GMT" time="85.638" errors="0">
  <testcase name="verifyContactsPageTitle" time="24.823" classname="com.qa.hubspot.tests.ContactsPageTest"/>
  <testcase name="createContactsTest" time="31.955" classname="com.qa.hubspot.tests.ContactsPageTest"/>
  <testcase name="createContactsTest" time="28.860" classname="com.qa.hubspot.tests.ContactsPageTest"/>
</testsuite> <!-- com.qa.hubspot.tests.ContactsPageTest -->
