<?xml version="1.0" encoding="UTF-8"?>
<!-- Generated by org.testng.reporters.JUnitReportReporter -->
<testsuite skipped="1" hostname="LAPTOP-QG1G9QI5" name="com.qa.hubspot.tests.LoginPageTest" tests="4" failures="0" timestamp="07 Feb 2020 21:34:00 GMT" time="8.792" errors="0">
  <testcase name="verifyLoginPageTitleTest" time="5.026" classname="com.qa.hubspot.tests.LoginPageTest"/>
  <testcase name="verifySignUpLinkTest" time="0.196" classname="com.qa.hubspot.tests.LoginPageTest"/>
  <testcase name="loginTest" time="3.570" classname="com.qa.hubspot.tests.LoginPageTest"/>
  <testcase name="invalidLoginTest" classname="com.qa.hubspot.tests.LoginPageTest">
    <skipped/>
  </testcase> <!-- invalidLoginTest -->
</testsuite> <!-- com.qa.hubspot.tests.LoginPageTest -->
