<?xml version="1.0" encoding="UTF-8"?>
<!-- Generated by org.testng.reporters.JUnitReportReporter -->
<testsuite skipped="0" hostname="LAPTOP-QG1G9QI5" name="com.qa.hubspot.tests.HomePageTest" tests="3" failures="0" timestamp="22 Feb 2020 00:54:19 GMT" time="0.939" errors="0">
  <testcase name="verifyHomePageTitleTest" time="0.021" classname="com.qa.hubspot.tests.HomePageTest"/>
  <testcase name="verifyHomePageHeaderTest" time="0.056" classname="com.qa.hubspot.tests.HomePageTest"/>
  <testcase name="verifyLoggedInUserTest" time="0.862" classname="com.qa.hubspot.tests.HomePageTest"/>
</testsuite> <!-- com.qa.hubspot.tests.HomePageTest -->
